Args in experiment:
Namespace(activation='gelu', batch_size=32, c_out=2, checkpoints='./checkpoints/', d_ff=2048, d_layers=1, d_model=512, data='ETTm1', data_path='ETTh1.csv', dec_in=2, des='Exp', devices='0,1,2,3', distil=True, do_predict=False, dropout=0.05, e_layers=2, embed='timeF', embed_type=3, enc_in=2, factor=3, features='M', folder_path='./data/door/', freq='h', gpu=0, individual=False, is_training=1, itr=1, label_len=35, learning_rate=0.0001, loss='mse', lradj='type1', model='LSTM', model_id='exchange_96_', moving_avg=25, n_heads=8, num_workers=10, output_attention=False, patience=5, pred_len=50, root_path='./data/ETT/', seq_len=100, target='OT', test_flop=False, train_epochs=25, train_only=False, use_amp=False, use_gpu=True, use_multi_gpu=False)
Use GPU: cuda:0
train len >>>>>>>>  12
test len >>>>>>>>  3
>>>>>>>start training : exchange_96__LSTM_ETTm1_ftM_sl100_ll35_pl50_dm512_nh8_el2_dl1_df2048_fc3_ebtimeF_dtTrue_Exp_0>>>>>>>>>>>>>>>>>>>>>>>>>>
	iters: 100, epoch: 1 | loss: 0.2081993
	speed: 0.0138s/iter; left time: 273.2950s
	iters: 200, epoch: 1 | loss: 0.0315028
	speed: 0.0076s/iter; left time: 151.2689s
	iters: 300, epoch: 1 | loss: 0.0225356
	speed: 0.0077s/iter; left time: 151.5198s
	iters: 400, epoch: 1 | loss: 0.0204701
	speed: 0.0077s/iter; left time: 151.3595s
	iters: 500, epoch: 1 | loss: 0.0191378
	speed: 0.0093s/iter; left time: 181.0382s
	iters: 600, epoch: 1 | loss: 0.0181013
	speed: 0.0083s/iter; left time: 161.3831s
	iters: 700, epoch: 1 | loss: 0.0148538
	speed: 0.0071s/iter; left time: 136.0718s
Epoch: 1 cost time: 7.135474920272827
vali>>>>>>>>>>>>>>>>>>>>>>>>>>>>>>>>>>>>>>>>>>>>>>>>>>>>>>>>>>>>>>>>>>
Epoch: 1, Steps: 799 | Train Loss: 0.0575904 Test Loss: 0.1663454
Validation loss decreased (inf --> 0.166345).  Saving model ...
Updating learning rate to 0.0001
	iters: 100, epoch: 2 | loss: 0.0073427
	speed: 0.0477s/iter; left time: 909.9955s
	iters: 200, epoch: 2 | loss: 0.0061015
	speed: 0.0147s/iter; left time: 278.9310s
	iters: 300, epoch: 2 | loss: 0.0050858
	speed: 0.0158s/iter; left time: 298.7528s
	iters: 400, epoch: 2 | loss: 0.0053897
	speed: 0.0153s/iter; left time: 287.9175s
	iters: 500, epoch: 2 | loss: 0.0045300
	speed: 0.0171s/iter; left time: 318.5251s
	iters: 600, epoch: 2 | loss: 0.0052019
	speed: 0.0171s/iter; left time: 316.8452s
	iters: 700, epoch: 2 | loss: 0.0046423
	speed: 0.0171s/iter; left time: 316.8590s
Epoch: 2 cost time: 13.127493619918823
vali>>>>>>>>>>>>>>>>>>>>>>>>>>>>>>>>>>>>>>>>>>>>>>>>>>>>>>>>>>>>>>>>>>
Epoch: 2, Steps: 799 | Train Loss: 0.0055039 Test Loss: 0.1646585
Validation loss decreased (0.166345 --> 0.164658).  Saving model ...
Updating learning rate to 5e-05
	iters: 100, epoch: 3 | loss: 0.0044234
	speed: 0.0559s/iter; left time: 1022.2920s
	iters: 200, epoch: 3 | loss: 0.0042262
	speed: 0.0155s/iter; left time: 281.6278s
	iters: 300, epoch: 3 | loss: 0.0043792
	speed: 0.0177s/iter; left time: 320.6090s
	iters: 400, epoch: 3 | loss: 0.0044500
	speed: 0.0168s/iter; left time: 301.6398s
	iters: 500, epoch: 3 | loss: 0.0041337
	speed: 0.0169s/iter; left time: 302.9660s
	iters: 600, epoch: 3 | loss: 0.0042969
	speed: 0.0167s/iter; left time: 296.3897s
	iters: 700, epoch: 3 | loss: 0.0044939
	speed: 0.0098s/iter; left time: 173.7727s
Epoch: 3 cost time: 12.228978633880615
vali>>>>>>>>>>>>>>>>>>>>>>>>>>>>>>>>>>>>>>>>>>>>>>>>>>>>>>>>>>>>>>>>>>
Epoch: 3, Steps: 799 | Train Loss: 0.0042349 Test Loss: 0.1648837
EarlyStopping counter: 1 out of 5
Updating learning rate to 2.5e-05
	iters: 100, epoch: 4 | loss: 0.0041404
	speed: 0.0437s/iter; left time: 763.0524s
	iters: 200, epoch: 4 | loss: 0.0041733
	speed: 0.0104s/iter; left time: 180.1468s
	iters: 300, epoch: 4 | loss: 0.0038002
	speed: 0.0119s/iter; left time: 205.9615s
	iters: 400, epoch: 4 | loss: 0.0038607
	speed: 0.0130s/iter; left time: 223.4626s
	iters: 500, epoch: 4 | loss: 0.0040456
	speed: 0.0167s/iter; left time: 285.4886s
	iters: 600, epoch: 4 | loss: 0.0038063
	speed: 0.0184s/iter; left time: 312.4163s
	iters: 700, epoch: 4 | loss: 0.0040720
	speed: 0.0207s/iter; left time: 349.6466s
Epoch: 4 cost time: 13.08090615272522
vali>>>>>>>>>>>>>>>>>>>>>>>>>>>>>>>>>>>>>>>>>>>>>>>>>>>>>>>>>>>>>>>>>>
Epoch: 4, Steps: 799 | Train Loss: 0.0040136 Test Loss: 0.1649327
EarlyStopping counter: 2 out of 5
Updating learning rate to 1.25e-05
	iters: 100, epoch: 5 | loss: 0.0038715
	speed: 0.0575s/iter; left time: 959.5953s
	iters: 200, epoch: 5 | loss: 0.0041623
	speed: 0.0088s/iter; left time: 146.3686s
	iters: 300, epoch: 5 | loss: 0.0036501
	speed: 0.0109s/iter; left time: 179.8989s
	iters: 400, epoch: 5 | loss: 0.0038470
	speed: 0.0111s/iter; left time: 182.3220s
	iters: 500, epoch: 5 | loss: 0.0039896
	speed: 0.0111s/iter; left time: 181.3002s
	iters: 600, epoch: 5 | loss: 0.0041242
	speed: 0.0114s/iter; left time: 184.8406s
	iters: 700, epoch: 5 | loss: 0.0037837
	speed: 0.0115s/iter; left time: 185.5382s
Epoch: 5 cost time: 9.351478576660156
vali>>>>>>>>>>>>>>>>>>>>>>>>>>>>>>>>>>>>>>>>>>>>>>>>>>>>>>>>>>>>>>>>>>
Epoch: 5, Steps: 799 | Train Loss: 0.0039219 Test Loss: 0.1651256
EarlyStopping counter: 3 out of 5
Updating learning rate to 6.25e-06
	iters: 100, epoch: 6 | loss: 0.0039307
	speed: 0.0463s/iter; left time: 735.4838s
	iters: 200, epoch: 6 | loss: 0.0043534
	speed: 0.0080s/iter; left time: 126.9502s
	iters: 300, epoch: 6 | loss: 0.0037247
	speed: 0.0080s/iter; left time: 125.4927s
	iters: 400, epoch: 6 | loss: 0.0036965
	speed: 0.0080s/iter; left time: 125.2677s
	iters: 500, epoch: 6 | loss: 0.0039277
	speed: 0.0081s/iter; left time: 125.6834s
	iters: 600, epoch: 6 | loss: 0.0035046
	speed: 0.0082s/iter; left time: 125.9360s
	iters: 700, epoch: 6 | loss: 0.0038910
	speed: 0.0080s/iter; left time: 121.7197s
Epoch: 6 cost time: 7.308967590332031
vali>>>>>>>>>>>>>>>>>>>>>>>>>>>>>>>>>>>>>>>>>>>>>>>>>>>>>>>>>>>>>>>>>>
Epoch: 6, Steps: 799 | Train Loss: 0.0038763 Test Loss: 0.1650184
EarlyStopping counter: 4 out of 5
Updating learning rate to 3.125e-06
	iters: 100, epoch: 7 | loss: 0.0040264
	speed: 0.0433s/iter; left time: 652.8247s
	iters: 200, epoch: 7 | loss: 0.0038647
	speed: 0.0100s/iter; left time: 149.5063s
	iters: 300, epoch: 7 | loss: 0.0040491
	speed: 0.0099s/iter; left time: 147.7780s
	iters: 400, epoch: 7 | loss: 0.0036980
	speed: 0.0116s/iter; left time: 170.7389s
	iters: 500, epoch: 7 | loss: 0.0035724
	speed: 0.0150s/iter; left time: 220.1869s
	iters: 600, epoch: 7 | loss: 0.0037005
	speed: 0.0155s/iter; left time: 225.6009s
	iters: 700, epoch: 7 | loss: 0.0040363
	speed: 0.0112s/iter; left time: 162.0041s
Epoch: 7 cost time: 9.9660325050354
vali>>>>>>>>>>>>>>>>>>>>>>>>>>>>>>>>>>>>>>>>>>>>>>>>>>>>>>>>>>>>>>>>>>
Epoch: 7, Steps: 799 | Train Loss: 0.0038517 Test Loss: 0.1651753
EarlyStopping counter: 5 out of 5
Early stopping
7
[0.05759038213635789, 0.005503875152143803, 0.004234859994373684, 0.004013595924548367, 0.003921891112423716, 0.0038763302872575193, 0.0038516972046718466]
>>>>>>>testing : exchange_96__LSTM_ETTm1_ftM_sl100_ll35_pl50_dm512_nh8_el2_dl1_df2048_fc3_ebtimeF_dtTrue_Exp_0<<<<<<<<<<<<<<<<<<<<<<<<<<<<<<<<<
==========  mse:22904.919624027654, mae:143.55039846867504
==========  mse:24448.175209539797, mae:147.84503228641523
==========  mse:13196.91747227804, mae:96.9685127516002
